Analysis & Elaboration report for proyecto2Arqui2
Fri Sep 27 16:56:33 2024
Quartus Prime Version 20.1.1 Build 720 11/11/2020 SJ Lite Edition


---------------------
; Table of Contents ;
---------------------
  1. Legal Notice
  2. Analysis & Elaboration Summary
  3. Parallel Compilation
  4. Parameter Settings for User Entity Instance: Top-level Entity: |tb_add_round_key
  5. Parameter Settings for User Entity Instance: add_round_key:uut
  6. Analysis & Elaboration Settings
  7. Port Connectivity Checks: "add_round_key:uut"
  8. Analysis & Elaboration Messages



----------------
; Legal Notice ;
----------------
Copyright (C) 2020  Intel Corporation. All rights reserved.
Your use of Intel Corporation's design tools, logic functions 
and other software and tools, and any partner logic 
functions, and any output files from any of the foregoing 
(including device programming or simulation files), and any 
associated documentation or information are expressly subject 
to the terms and conditions of the Intel Program License 
Subscription Agreement, the Intel Quartus Prime License Agreement,
the Intel FPGA IP License Agreement, or other applicable license
agreement, including, without limitation, that your use is for
the sole purpose of programming logic devices manufactured by
Intel and sold by Intel or its authorized distributors.  Please
refer to the applicable agreement for further details, at
https://fpgasoftware.intel.com/eula.



+-----------------------------------------------------------------------------+
; Analysis & Elaboration Summary                                              ;
+-------------------------------+---------------------------------------------+
; Analysis & Elaboration Status ; Successful - Fri Sep 27 16:56:33 2024       ;
; Quartus Prime Version         ; 20.1.1 Build 720 11/11/2020 SJ Lite Edition ;
; Revision Name                 ; proyecto2Arqui2                             ;
; Top-level Entity Name         ; tb_add_round_key                            ;
; Family                        ; Cyclone V                                   ;
; Logic utilization (in ALMs)   ; N/A until Partition Merge                   ;
; Total registers               ; N/A until Partition Merge                   ;
; Total pins                    ; N/A until Partition Merge                   ;
; Total virtual pins            ; N/A until Partition Merge                   ;
; Total block memory bits       ; N/A until Partition Merge                   ;
; Total PLLs                    ; N/A until Partition Merge                   ;
; Total DLLs                    ; N/A until Partition Merge                   ;
+-------------------------------+---------------------------------------------+


+------------------------------------------+
; Parallel Compilation                     ;
+----------------------------+-------------+
; Processors                 ; Number      ;
+----------------------------+-------------+
; Number detected on machine ; 8           ;
; Maximum allowed            ; 4           ;
;                            ;             ;
; Average used               ; 1.00        ;
; Maximum used               ; 1           ;
;                            ;             ;
; Usage by Processor         ; % Time Used ;
;     Processor 1            ; 100.0%      ;
+----------------------------+-------------+


+----------------------------------------------------------------------------------+
; Parameter Settings for User Entity Instance: Top-level Entity: |tb_add_round_key ;
+----------------+-------+---------------------------------------------------------+
; Parameter Name ; Value ; Type                                                    ;
+----------------+-------+---------------------------------------------------------+
; regSize        ; 32    ; Signed Integer                                          ;
; vecSize        ; 4     ; Signed Integer                                          ;
+----------------+-------+---------------------------------------------------------+
Note: In order to hide this table in the UI and the text report file, please set the "Show Parameter Settings in Synthesis Report" option in "Analysis and Synthesis Settings -> More Settings" to "Off".


+----------------------------------------------------------------+
; Parameter Settings for User Entity Instance: add_round_key:uut ;
+----------------+-------+---------------------------------------+
; Parameter Name ; Value ; Type                                  ;
+----------------+-------+---------------------------------------+
; vecSize        ; 4     ; Signed Integer                        ;
+----------------+-------+---------------------------------------+
Note: In order to hide this table in the UI and the text report file, please set the "Show Parameter Settings in Synthesis Report" option in "Analysis and Synthesis Settings -> More Settings" to "Off".


+---------------------------------------------------------------------------------------------------------------------------+
; Analysis & Elaboration Settings                                                                                           ;
+---------------------------------------------------------------------------------+--------------------+--------------------+
; Option                                                                          ; Setting            ; Default Value      ;
+---------------------------------------------------------------------------------+--------------------+--------------------+
; Device                                                                          ; 5CSEMA5F31C6       ;                    ;
; Top-level entity name                                                           ; tb_add_round_key   ; proyecto2Arqui2    ;
; Family name                                                                     ; Cyclone V          ; Cyclone V          ;
; Use smart compilation                                                           ; Off                ; Off                ;
; Enable parallel Assembler and Timing Analyzer during compilation                ; On                 ; On                 ;
; Enable compact report table                                                     ; Off                ; Off                ;
; Restructure Multiplexers                                                        ; Auto               ; Auto               ;
; MLAB Add Timing Constraints For Mixed-Port Feed-Through Mode Setting Don't Care ; Off                ; Off                ;
; Create Debugging Nodes for IP Cores                                             ; Off                ; Off                ;
; Preserve fewer node names                                                       ; On                 ; On                 ;
; Intel FPGA IP Evaluation Mode                                                   ; Enable             ; Enable             ;
; Verilog Version                                                                 ; Verilog_2001       ; Verilog_2001       ;
; VHDL Version                                                                    ; VHDL_1993          ; VHDL_1993          ;
; State Machine Processing                                                        ; Auto               ; Auto               ;
; Safe State Machine                                                              ; Off                ; Off                ;
; Extract Verilog State Machines                                                  ; On                 ; On                 ;
; Extract VHDL State Machines                                                     ; On                 ; On                 ;
; Ignore Verilog initial constructs                                               ; Off                ; Off                ;
; Iteration limit for constant Verilog loops                                      ; 5000               ; 5000               ;
; Iteration limit for non-constant Verilog loops                                  ; 250                ; 250                ;
; Add Pass-Through Logic to Inferred RAMs                                         ; On                 ; On                 ;
; Infer RAMs from Raw Logic                                                       ; On                 ; On                 ;
; Parallel Synthesis                                                              ; On                 ; On                 ;
; DSP Block Balancing                                                             ; Auto               ; Auto               ;
; NOT Gate Push-Back                                                              ; On                 ; On                 ;
; Power-Up Don't Care                                                             ; On                 ; On                 ;
; Remove Redundant Logic Cells                                                    ; Off                ; Off                ;
; Remove Duplicate Registers                                                      ; On                 ; On                 ;
; Ignore CARRY Buffers                                                            ; Off                ; Off                ;
; Ignore CASCADE Buffers                                                          ; Off                ; Off                ;
; Ignore GLOBAL Buffers                                                           ; Off                ; Off                ;
; Ignore ROW GLOBAL Buffers                                                       ; Off                ; Off                ;
; Ignore LCELL Buffers                                                            ; Off                ; Off                ;
; Ignore SOFT Buffers                                                             ; On                 ; On                 ;
; Limit AHDL Integers to 32 Bits                                                  ; Off                ; Off                ;
; Optimization Technique                                                          ; Balanced           ; Balanced           ;
; Carry Chain Length                                                              ; 70                 ; 70                 ;
; Auto Carry Chains                                                               ; On                 ; On                 ;
; Auto Open-Drain Pins                                                            ; On                 ; On                 ;
; Perform WYSIWYG Primitive Resynthesis                                           ; Off                ; Off                ;
; Auto ROM Replacement                                                            ; On                 ; On                 ;
; Auto RAM Replacement                                                            ; On                 ; On                 ;
; Auto DSP Block Replacement                                                      ; On                 ; On                 ;
; Auto Shift Register Replacement                                                 ; Auto               ; Auto               ;
; Allow Shift Register Merging across Hierarchies                                 ; Auto               ; Auto               ;
; Auto Clock Enable Replacement                                                   ; On                 ; On                 ;
; Strict RAM Replacement                                                          ; Off                ; Off                ;
; Allow Synchronous Control Signals                                               ; On                 ; On                 ;
; Force Use of Synchronous Clear Signals                                          ; Off                ; Off                ;
; Auto Resource Sharing                                                           ; Off                ; Off                ;
; Allow Any RAM Size For Recognition                                              ; Off                ; Off                ;
; Allow Any ROM Size For Recognition                                              ; Off                ; Off                ;
; Allow Any Shift Register Size For Recognition                                   ; Off                ; Off                ;
; Use LogicLock Constraints during Resource Balancing                             ; On                 ; On                 ;
; Ignore translate_off and synthesis_off directives                               ; Off                ; Off                ;
; Timing-Driven Synthesis                                                         ; On                 ; On                 ;
; Report Parameter Settings                                                       ; On                 ; On                 ;
; Report Source Assignments                                                       ; On                 ; On                 ;
; Report Connectivity Checks                                                      ; On                 ; On                 ;
; Ignore Maximum Fan-Out Assignments                                              ; Off                ; Off                ;
; Synchronization Register Chain Length                                           ; 3                  ; 3                  ;
; Power Optimization During Synthesis                                             ; Normal compilation ; Normal compilation ;
; HDL message level                                                               ; Level2             ; Level2             ;
; Suppress Register Optimization Related Messages                                 ; Off                ; Off                ;
; Number of Removed Registers Reported in Synthesis Report                        ; 5000               ; 5000               ;
; Number of Swept Nodes Reported in Synthesis Report                              ; 5000               ; 5000               ;
; Number of Inverted Registers Reported in Synthesis Report                       ; 100                ; 100                ;
; Clock MUX Protection                                                            ; On                 ; On                 ;
; Auto Gated Clock Conversion                                                     ; Off                ; Off                ;
; Block Design Naming                                                             ; Auto               ; Auto               ;
; SDC constraint protection                                                       ; Off                ; Off                ;
; Synthesis Effort                                                                ; Auto               ; Auto               ;
; Shift Register Replacement - Allow Asynchronous Clear Signal                    ; On                 ; On                 ;
; Pre-Mapping Resynthesis Optimization                                            ; Off                ; Off                ;
; Analysis & Synthesis Message Level                                              ; Medium             ; Medium             ;
; Disable Register Merging Across Hierarchies                                     ; Auto               ; Auto               ;
; Resource Aware Inference For Block RAM                                          ; On                 ; On                 ;
; Automatic Parallel Synthesis                                                    ; On                 ; On                 ;
; Partial Reconfiguration Bitstream ID                                            ; Off                ; Off                ;
+---------------------------------------------------------------------------------+--------------------+--------------------+


+--------------------------------------------------------------------------------------------------------------------------------+
; Port Connectivity Checks: "add_round_key:uut"                                                                                  ;
+----------------------+--------+----------+-------------------------------------------------------------------------------------+
; Port                 ; Type   ; Severity ; Details                                                                             ;
+----------------------+--------+----------+-------------------------------------------------------------------------------------+
; state[3][18..14]     ; Input  ; Info     ; Stuck at VCC                                                                        ;
; state[3][12..10]     ; Input  ; Info     ; Stuck at VCC                                                                        ;
; state[3][29..28]     ; Input  ; Info     ; Stuck at GND                                                                        ;
; state[3][24..22]     ; Input  ; Info     ; Stuck at GND                                                                        ;
; state[3][20..19]     ; Input  ; Info     ; Stuck at GND                                                                        ;
; state[3][9..8]       ; Input  ; Info     ; Stuck at GND                                                                        ;
; state[3][4..2]       ; Input  ; Info     ; Stuck at GND                                                                        ;
; state[3][31]         ; Input  ; Info     ; Stuck at GND                                                                        ;
; state[3][30]         ; Input  ; Info     ; Stuck at VCC                                                                        ;
; state[3][27]         ; Input  ; Info     ; Stuck at VCC                                                                        ;
; state[3][26]         ; Input  ; Info     ; Stuck at GND                                                                        ;
; state[3][25]         ; Input  ; Info     ; Stuck at VCC                                                                        ;
; state[3][21]         ; Input  ; Info     ; Stuck at VCC                                                                        ;
; state[3][13]         ; Input  ; Info     ; Stuck at GND                                                                        ;
; state[3][7]          ; Input  ; Info     ; Stuck at VCC                                                                        ;
; state[3][6]          ; Input  ; Info     ; Stuck at GND                                                                        ;
; state[3][5]          ; Input  ; Info     ; Stuck at VCC                                                                        ;
; state[3][1]          ; Input  ; Info     ; Stuck at VCC                                                                        ;
; state[3][0]          ; Input  ; Info     ; Stuck at GND                                                                        ;
; state[2][31..30]     ; Input  ; Info     ; Stuck at VCC                                                                        ;
; state[2][23..22]     ; Input  ; Info     ; Stuck at VCC                                                                        ;
; state[2][20..18]     ; Input  ; Info     ; Stuck at VCC                                                                        ;
; state[2][16..15]     ; Input  ; Info     ; Stuck at VCC                                                                        ;
; state[2][11..8]      ; Input  ; Info     ; Stuck at VCC                                                                        ;
; state[2][29..28]     ; Input  ; Info     ; Stuck at GND                                                                        ;
; state[2][7..2]       ; Input  ; Info     ; Stuck at GND                                                                        ;
; state[2][27]         ; Input  ; Info     ; Stuck at VCC                                                                        ;
; state[2][26]         ; Input  ; Info     ; Stuck at GND                                                                        ;
; state[2][25]         ; Input  ; Info     ; Stuck at VCC                                                                        ;
; state[2][24]         ; Input  ; Info     ; Stuck at GND                                                                        ;
; state[2][21]         ; Input  ; Info     ; Stuck at GND                                                                        ;
; state[2][17]         ; Input  ; Info     ; Stuck at GND                                                                        ;
; state[2][14]         ; Input  ; Info     ; Stuck at GND                                                                        ;
; state[2][13]         ; Input  ; Info     ; Stuck at VCC                                                                        ;
; state[2][12]         ; Input  ; Info     ; Stuck at GND                                                                        ;
; state[2][1]          ; Input  ; Info     ; Stuck at VCC                                                                        ;
; state[2][0]          ; Input  ; Info     ; Stuck at GND                                                                        ;
; state[1][31..30]     ; Input  ; Info     ; Stuck at VCC                                                                        ;
; state[1][18..17]     ; Input  ; Info     ; Stuck at VCC                                                                        ;
; state[1][13..12]     ; Input  ; Info     ; Stuck at VCC                                                                        ;
; state[1][10..9]      ; Input  ; Info     ; Stuck at VCC                                                                        ;
; state[1][7..6]       ; Input  ; Info     ; Stuck at VCC                                                                        ;
; state[1][29..26]     ; Input  ; Info     ; Stuck at GND                                                                        ;
; state[1][22..19]     ; Input  ; Info     ; Stuck at GND                                                                        ;
; state[1][16..14]     ; Input  ; Info     ; Stuck at GND                                                                        ;
; state[1][3..1]       ; Input  ; Info     ; Stuck at GND                                                                        ;
; state[1][25]         ; Input  ; Info     ; Stuck at VCC                                                                        ;
; state[1][24]         ; Input  ; Info     ; Stuck at GND                                                                        ;
; state[1][23]         ; Input  ; Info     ; Stuck at VCC                                                                        ;
; state[1][11]         ; Input  ; Info     ; Stuck at GND                                                                        ;
; state[1][8]          ; Input  ; Info     ; Stuck at GND                                                                        ;
; state[1][5]          ; Input  ; Info     ; Stuck at GND                                                                        ;
; state[1][4]          ; Input  ; Info     ; Stuck at VCC                                                                        ;
; state[1][0]          ; Input  ; Info     ; Stuck at VCC                                                                        ;
; state[0][28..27]     ; Input  ; Info     ; Stuck at VCC                                                                        ;
; state[0][20..18]     ; Input  ; Info     ; Stuck at VCC                                                                        ;
; state[0][15..13]     ; Input  ; Info     ; Stuck at VCC                                                                        ;
; state[0][11..9]      ; Input  ; Info     ; Stuck at VCC                                                                        ;
; state[0][26..25]     ; Input  ; Info     ; Stuck at GND                                                                        ;
; state[0][23..21]     ; Input  ; Info     ; Stuck at GND                                                                        ;
; state[0][17..16]     ; Input  ; Info     ; Stuck at GND                                                                        ;
; state[0][4..1]       ; Input  ; Info     ; Stuck at GND                                                                        ;
; state[0][31]         ; Input  ; Info     ; Stuck at GND                                                                        ;
; state[0][30]         ; Input  ; Info     ; Stuck at VCC                                                                        ;
; state[0][29]         ; Input  ; Info     ; Stuck at GND                                                                        ;
; state[0][24]         ; Input  ; Info     ; Stuck at VCC                                                                        ;
; state[0][12]         ; Input  ; Info     ; Stuck at GND                                                                        ;
; state[0][8]          ; Input  ; Info     ; Stuck at GND                                                                        ;
; state[0][7]          ; Input  ; Info     ; Stuck at VCC                                                                        ;
; state[0][6]          ; Input  ; Info     ; Stuck at GND                                                                        ;
; state[0][5]          ; Input  ; Info     ; Stuck at VCC                                                                        ;
; state[0][0]          ; Input  ; Info     ; Stuck at VCC                                                                        ;
; round_key[3][30..29] ; Input  ; Info     ; Stuck at VCC                                                                        ;
; round_key[3][22..21] ; Input  ; Info     ; Stuck at VCC                                                                        ;
; round_key[3][17..16] ; Input  ; Info     ; Stuck at VCC                                                                        ;
; round_key[3][14..13] ; Input  ; Info     ; Stuck at VCC                                                                        ;
; round_key[3][9..8]   ; Input  ; Info     ; Stuck at VCC                                                                        ;
; round_key[3][6..5]   ; Input  ; Info     ; Stuck at VCC                                                                        ;
; round_key[3][1..0]   ; Input  ; Info     ; Stuck at VCC                                                                        ;
; round_key[3][28..26] ; Input  ; Info     ; Stuck at GND                                                                        ;
; round_key[3][24..23] ; Input  ; Info     ; Stuck at GND                                                                        ;
; round_key[3][20..18] ; Input  ; Info     ; Stuck at GND                                                                        ;
; round_key[3][12..10] ; Input  ; Info     ; Stuck at GND                                                                        ;
; round_key[3][4..2]   ; Input  ; Info     ; Stuck at GND                                                                        ;
; round_key[3][31]     ; Input  ; Info     ; Stuck at GND                                                                        ;
; round_key[3][25]     ; Input  ; Info     ; Stuck at VCC                                                                        ;
; round_key[3][15]     ; Input  ; Info     ; Stuck at GND                                                                        ;
; round_key[3][7]      ; Input  ; Info     ; Stuck at GND                                                                        ;
; round_key[2][30..29] ; Input  ; Info     ; Stuck at VCC                                                                        ;
; round_key[2][22..21] ; Input  ; Info     ; Stuck at VCC                                                                        ;
; round_key[2][17..16] ; Input  ; Info     ; Stuck at VCC                                                                        ;
; round_key[2][14..13] ; Input  ; Info     ; Stuck at VCC                                                                        ;
; round_key[2][9..8]   ; Input  ; Info     ; Stuck at VCC                                                                        ;
; round_key[2][6..5]   ; Input  ; Info     ; Stuck at VCC                                                                        ;
; round_key[2][1..0]   ; Input  ; Info     ; Stuck at VCC                                                                        ;
; round_key[2][28..26] ; Input  ; Info     ; Stuck at GND                                                                        ;
; round_key[2][24..23] ; Input  ; Info     ; Stuck at GND                                                                        ;
; round_key[2][20..18] ; Input  ; Info     ; Stuck at GND                                                                        ;
; round_key[2][12..10] ; Input  ; Info     ; Stuck at GND                                                                        ;
; round_key[2][4..2]   ; Input  ; Info     ; Stuck at GND                                                                        ;
; round_key[2][31]     ; Input  ; Info     ; Stuck at GND                                                                        ;
; round_key[2][25]     ; Input  ; Info     ; Stuck at VCC                                                                        ;
; round_key[2][15]     ; Input  ; Info     ; Stuck at GND                                                                        ;
; round_key[2][7]      ; Input  ; Info     ; Stuck at GND                                                                        ;
; round_key[1][30..29] ; Input  ; Info     ; Stuck at VCC                                                                        ;
; round_key[1][22..21] ; Input  ; Info     ; Stuck at VCC                                                                        ;
; round_key[1][17..16] ; Input  ; Info     ; Stuck at VCC                                                                        ;
; round_key[1][14..13] ; Input  ; Info     ; Stuck at VCC                                                                        ;
; round_key[1][9..8]   ; Input  ; Info     ; Stuck at VCC                                                                        ;
; round_key[1][6..5]   ; Input  ; Info     ; Stuck at VCC                                                                        ;
; round_key[1][1..0]   ; Input  ; Info     ; Stuck at VCC                                                                        ;
; round_key[1][28..26] ; Input  ; Info     ; Stuck at GND                                                                        ;
; round_key[1][24..23] ; Input  ; Info     ; Stuck at GND                                                                        ;
; round_key[1][20..18] ; Input  ; Info     ; Stuck at GND                                                                        ;
; round_key[1][12..10] ; Input  ; Info     ; Stuck at GND                                                                        ;
; round_key[1][4..2]   ; Input  ; Info     ; Stuck at GND                                                                        ;
; round_key[1][31]     ; Input  ; Info     ; Stuck at GND                                                                        ;
; round_key[1][25]     ; Input  ; Info     ; Stuck at VCC                                                                        ;
; round_key[1][15]     ; Input  ; Info     ; Stuck at GND                                                                        ;
; round_key[1][7]      ; Input  ; Info     ; Stuck at GND                                                                        ;
; round_key[0][30..29] ; Input  ; Info     ; Stuck at VCC                                                                        ;
; round_key[0][22..21] ; Input  ; Info     ; Stuck at VCC                                                                        ;
; round_key[0][17..16] ; Input  ; Info     ; Stuck at VCC                                                                        ;
; round_key[0][14..13] ; Input  ; Info     ; Stuck at VCC                                                                        ;
; round_key[0][9..8]   ; Input  ; Info     ; Stuck at VCC                                                                        ;
; round_key[0][6..5]   ; Input  ; Info     ; Stuck at VCC                                                                        ;
; round_key[0][1..0]   ; Input  ; Info     ; Stuck at VCC                                                                        ;
; round_key[0][28..26] ; Input  ; Info     ; Stuck at GND                                                                        ;
; round_key[0][24..23] ; Input  ; Info     ; Stuck at GND                                                                        ;
; round_key[0][20..18] ; Input  ; Info     ; Stuck at GND                                                                        ;
; round_key[0][12..10] ; Input  ; Info     ; Stuck at GND                                                                        ;
; round_key[0][4..2]   ; Input  ; Info     ; Stuck at GND                                                                        ;
; round_key[0][31]     ; Input  ; Info     ; Stuck at GND                                                                        ;
; round_key[0][25]     ; Input  ; Info     ; Stuck at VCC                                                                        ;
; round_key[0][15]     ; Input  ; Info     ; Stuck at GND                                                                        ;
; round_key[0][7]      ; Input  ; Info     ; Stuck at GND                                                                        ;
; new_state            ; Output ; Info     ; Connected to dangling logic. Logic that only feeds a dangling port will be removed. ;
+----------------------+--------+----------+-------------------------------------------------------------------------------------+


+---------------------------------+
; Analysis & Elaboration Messages ;
+---------------------------------+
Info: *******************************************************************
Info: Running Quartus Prime Analysis & Elaboration
    Info: Version 20.1.1 Build 720 11/11/2020 SJ Lite Edition
    Info: Processing started: Fri Sep 27 16:56:24 2024
Info: Command: quartus_map --read_settings_files=on --write_settings_files=off proyecto2Arqui2 -c proyecto2Arqui2 --analysis_and_elaboration
Warning (18236): Number of processors has not been specified which may cause overloading on shared machines.  Set the global assignment NUM_PARALLEL_PROCESSORS in your QSF to an appropriate value for best performance.
Info (20030): Parallel compilation is enabled and will use 4 of the 4 processors detected
Info (12021): Found 1 design units, including 1 entities, in source file executestage/mixcolumns/mix_columns.sv
    Info (12023): Found entity 1: mix_columns File: C:/cosas_nacho/GitHub/SIMDProcessor/proyecto2Arqui2/executeStage/mixColumns/mix_columns.sv Line: 1
Info (12021): Found 1 design units, including 1 entities, in source file writebackstage/writeback.sv
    Info (12023): Found entity 1: writeback File: C:/cosas_nacho/GitHub/SIMDProcessor/proyecto2Arqui2/writebackStage/writeback.sv Line: 1
Info (12021): Found 1 design units, including 1 entities, in source file processor/top.sv
    Info (12023): Found entity 1: top File: C:/cosas_nacho/GitHub/SIMDProcessor/proyecto2Arqui2/processor/top.sv Line: 1
Info (12021): Found 1 design units, including 1 entities, in source file processor/processor.sv
    Info (12023): Found entity 1: processor File: C:/cosas_nacho/GitHub/SIMDProcessor/proyecto2Arqui2/processor/processor.sv Line: 1
Info (12021): Found 1 design units, including 1 entities, in source file memory/instruction_memory.sv
    Info (12023): Found entity 1: instruction_memory File: C:/cosas_nacho/GitHub/SIMDProcessor/proyecto2Arqui2/memory/instruction_memory.sv Line: 1
Info (12021): Found 1 design units, including 1 entities, in source file memory/data_memory.sv
    Info (12023): Found entity 1: data_memory File: C:/cosas_nacho/GitHub/SIMDProcessor/proyecto2Arqui2/memory/data_memory.sv Line: 1
Info (12021): Found 1 design units, including 1 entities, in source file fetchstage/fetch.sv
    Info (12023): Found entity 1: fetch File: C:/cosas_nacho/GitHub/SIMDProcessor/proyecto2Arqui2/fetchStage/fetch.sv Line: 1
Info (12021): Found 1 design units, including 1 entities, in source file executestage/sub_bytes.sv
    Info (12023): Found entity 1: sub_bytes File: C:/cosas_nacho/GitHub/SIMDProcessor/proyecto2Arqui2/executeStage/sub_bytes.sv Line: 1
Info (12021): Found 1 design units, including 1 entities, in source file executestage/shift_rows.sv
    Info (12023): Found entity 1: shift_rows File: C:/cosas_nacho/GitHub/SIMDProcessor/proyecto2Arqui2/executeStage/shift_rows.sv Line: 1
Info (12021): Found 1 design units, including 1 entities, in source file executestage/key_expansion.sv
    Info (12023): Found entity 1: key_expansion File: C:/cosas_nacho/GitHub/SIMDProcessor/proyecto2Arqui2/executeStage/key_expansion.sv Line: 1
Info (12021): Found 1 design units, including 1 entities, in source file executestage/execute.sv
    Info (12023): Found entity 1: execute File: C:/cosas_nacho/GitHub/SIMDProcessor/proyecto2Arqui2/executeStage/execute.sv Line: 1
Info (12021): Found 1 design units, including 1 entities, in source file executestage/alu.sv
    Info (12023): Found entity 1: alu File: C:/cosas_nacho/GitHub/SIMDProcessor/proyecto2Arqui2/executeStage/alu.sv Line: 1
Info (12021): Found 1 design units, including 1 entities, in source file executestage/aes_operations_unit.sv
    Info (12023): Found entity 1: aes_operations_unit File: C:/cosas_nacho/GitHub/SIMDProcessor/proyecto2Arqui2/executeStage/aes_operations_unit.sv Line: 1
Info (12021): Found 1 design units, including 1 entities, in source file decoderstage/registerfiles/vector_reg_file.sv
    Info (12023): Found entity 1: vector_reg_file File: C:/cosas_nacho/GitHub/SIMDProcessor/proyecto2Arqui2/decoderStage/registerFiles/vector_reg_file.sv Line: 1
Info (12021): Found 1 design units, including 1 entities, in source file decoderstage/registerfiles/scalar_reg_file.sv
    Info (12023): Found entity 1: scalar_reg_file File: C:/cosas_nacho/GitHub/SIMDProcessor/proyecto2Arqui2/decoderStage/registerFiles/scalar_reg_file.sv Line: 1
Info (12021): Found 1 design units, including 1 entities, in source file decoderstage/registerfiles/reg_file.sv
    Info (12023): Found entity 1: reg_file File: C:/cosas_nacho/GitHub/SIMDProcessor/proyecto2Arqui2/decoderStage/registerFiles/reg_file.sv Line: 1
Info (12021): Found 1 design units, including 1 entities, in source file decoderstage/decoder.sv
    Info (12023): Found entity 1: decoder File: C:/cosas_nacho/GitHub/SIMDProcessor/proyecto2Arqui2/decoderStage/decoder.sv Line: 1
Info (12021): Found 1 design units, including 1 entities, in source file common/vector_extender.sv
    Info (12023): Found entity 1: vector_extender File: C:/cosas_nacho/GitHub/SIMDProcessor/proyecto2Arqui2/common/vector_extender.sv Line: 1
Info (12021): Found 1 design units, including 1 entities, in source file common/register_en.sv
    Info (12023): Found entity 1: register_en File: C:/cosas_nacho/GitHub/SIMDProcessor/proyecto2Arqui2/common/register_en.sv Line: 1
Info (12021): Found 1 design units, including 1 entities, in source file common/register.sv
    Info (12023): Found entity 1: register File: C:/cosas_nacho/GitHub/SIMDProcessor/proyecto2Arqui2/common/register.sv Line: 1
Info (12021): Found 1 design units, including 1 entities, in source file common/pipe_vect.sv
    Info (12023): Found entity 1: pipe_vect File: C:/cosas_nacho/GitHub/SIMDProcessor/proyecto2Arqui2/common/pipe_vect.sv Line: 1
Info (12021): Found 1 design units, including 1 entities, in source file common/pipe.sv
    Info (12023): Found entity 1: pipe File: C:/cosas_nacho/GitHub/SIMDProcessor/proyecto2Arqui2/common/pipe.sv Line: 1
Info (12021): Found 1 design units, including 1 entities, in source file common/logic_decoder.sv
    Info (12023): Found entity 1: logic_decoder File: C:/cosas_nacho/GitHub/SIMDProcessor/proyecto2Arqui2/common/logic_decoder.sv Line: 1
Info (12021): Found 1 design units, including 1 entities, in source file testbenches/tb_sub_bytes.sv
    Info (12023): Found entity 1: tb_sub_bytes File: C:/cosas_nacho/GitHub/SIMDProcessor/proyecto2Arqui2/testBenches/tb_sub_bytes.sv Line: 1
Info (12021): Found 1 design units, including 1 entities, in source file testbenches/tb_shift_rows.sv
    Info (12023): Found entity 1: tb_shift_rows File: C:/cosas_nacho/GitHub/SIMDProcessor/proyecto2Arqui2/testBenches/tb_shift_rows.sv Line: 1
Info (12021): Found 1 design units, including 1 entities, in source file testbenches/tb_mix_columns.sv
    Info (12023): Found entity 1: tb_mix_columns File: C:/cosas_nacho/GitHub/SIMDProcessor/proyecto2Arqui2/testBenches/tb_mix_columns.sv Line: 1
Info (12021): Found 1 design units, including 1 entities, in source file testbenches/tb_key_expansion.sv
    Info (12023): Found entity 1: tb_key_expansion File: C:/cosas_nacho/GitHub/SIMDProcessor/proyecto2Arqui2/testBenches/tb_key_expansion.sv Line: 1
Info (12021): Found 1 design units, including 1 entities, in source file executestage/sub_word.sv
    Info (12023): Found entity 1: sub_word File: C:/cosas_nacho/GitHub/SIMDProcessor/proyecto2Arqui2/executeStage/sub_word.sv Line: 1
Info (12021): Found 1 design units, including 1 entities, in source file executestage/xor_32bit.sv
    Info (12023): Found entity 1: xor_32bit File: C:/cosas_nacho/GitHub/SIMDProcessor/proyecto2Arqui2/executeStage/xor_32bit.sv Line: 1
Info (12021): Found 1 design units, including 1 entities, in source file executestage/add_round_key.sv
    Info (12023): Found entity 1: add_round_key File: C:/cosas_nacho/GitHub/SIMDProcessor/proyecto2Arqui2/executeStage/add_round_key.sv Line: 1
Info (12021): Found 1 design units, including 1 entities, in source file testbenches/tb_add_round_key.sv
    Info (12023): Found entity 1: tb_add_round_key File: C:/cosas_nacho/GitHub/SIMDProcessor/proyecto2Arqui2/testBenches/tb_add_round_key.sv Line: 1
Info (12021): Found 1 design units, including 1 entities, in source file common/s_box.sv
    Info (12023): Found entity 1: s_box File: C:/cosas_nacho/GitHub/SIMDProcessor/proyecto2Arqui2/common/s_box.sv Line: 1
Info (12021): Found 1 design units, including 1 entities, in source file testbenches/tb_sub_word.sv
    Info (12023): Found entity 1: tb_sub_word File: C:/cosas_nacho/GitHub/SIMDProcessor/proyecto2Arqui2/testBenches/tb_sub_word.sv Line: 1
Info (12021): Found 1 design units, including 1 entities, in source file executestage/mixcolumns/mix_column.sv
    Info (12023): Found entity 1: mix_column File: C:/cosas_nacho/GitHub/SIMDProcessor/proyecto2Arqui2/executeStage/mixColumns/mix_column.sv Line: 1
Info (12021): Found 1 design units, including 1 entities, in source file testbenches/tb_aes_operations_unit.sv
    Info (12023): Found entity 1: tb_aes_operations_unit File: C:/cosas_nacho/GitHub/SIMDProcessor/proyecto2Arqui2/testBenches/tb_aes_operations_unit.sv Line: 1
Info (12021): Found 1 design units, including 1 entities, in source file testbenches/tb_fetch.sv
    Info (12023): Found entity 1: tb_fetch File: C:/cosas_nacho/GitHub/SIMDProcessor/proyecto2Arqui2/testBenches/tb_fetch.sv Line: 1
Warning (10236): Verilog HDL Implicit Net warning at writeback.sv(23): created implicit net for "rst" File: C:/cosas_nacho/GitHub/SIMDProcessor/proyecto2Arqui2/writebackStage/writeback.sv Line: 23
Warning (10222): Verilog HDL Parameter Declaration warning at data_memory.sv(12): Parameter Declaration in module "data_memory" behaves as a Local Parameter Declaration because the module has a Module Parameter Port List File: C:/cosas_nacho/GitHub/SIMDProcessor/proyecto2Arqui2/memory/data_memory.sv Line: 12
Warning (10222): Verilog HDL Parameter Declaration warning at data_memory.sv(13): Parameter Declaration in module "data_memory" behaves as a Local Parameter Declaration because the module has a Module Parameter Port List File: C:/cosas_nacho/GitHub/SIMDProcessor/proyecto2Arqui2/memory/data_memory.sv Line: 13
Info (12127): Elaborating entity "tb_add_round_key" for the top level hierarchy
Warning (10175): Verilog HDL warning at tb_add_round_key.sv(45): ignoring unsupported system task File: C:/cosas_nacho/GitHub/SIMDProcessor/proyecto2Arqui2/testBenches/tb_add_round_key.sv Line: 45
Info (12128): Elaborating entity "add_round_key" for hierarchy "add_round_key:uut" File: C:/cosas_nacho/GitHub/SIMDProcessor/proyecto2Arqui2/testBenches/tb_add_round_key.sv Line: 18
Info (12128): Elaborating entity "xor_32bit" for hierarchy "add_round_key:uut|xor_32bit:xor_inst[0].xor_inst_i" File: C:/cosas_nacho/GitHub/SIMDProcessor/proyecto2Arqui2/executeStage/add_round_key.sv Line: 14
Info: Quartus Prime Analysis & Elaboration was successful. 0 errors, 5 warnings
    Info: Peak virtual memory: 4764 megabytes
    Info: Processing ended: Fri Sep 27 16:56:33 2024
    Info: Elapsed time: 00:00:09
    Info: Total CPU time (on all processors): 00:00:15


